build/app/intermediates/manifest_merge_blame_file/debug/manifest-merger-blame-debug-report.txt
1<?xml version="1.0" encoding="utf-8"?>
2<manifest xmlns:android="http://schemas.android.com/apk/res/android"
3    package="nz.co.assign.customer"
4    android:versionCode="21"
5    android:versionName="1.2.2" >
6
7    <uses-sdk
8        android:minSdkVersion="20"
9        android:targetSdkVersion="30" />
10    <!--
11         Flutter needs it to communicate with the running application
12         to allow setting breakpoints, to provide hot reload, etc.
13    -->
14    <uses-permission android:name="android.permission.INTERNET" />
14-->src\main\AndroidManifest.xml:4:5-66
14-->src\main\AndroidManifest.xml:4:22-64
15    <uses-permission android:name="android.permission.ACCESS_FINE_LOCATION" />
15-->src\main\AndroidManifest.xml:5:5-78
15-->src\main\AndroidManifest.xml:5:22-76
16    <uses-permission android:name="android.permission.ACCESS_COARSE_LOCATION" />
16-->src\main\AndroidManifest.xml:6:5-80
16-->src\main\AndroidManifest.xml:6:22-78
17    <uses-permission android:name="android.permission.ACCESS_NETWORK_STATE" />
17-->src\main\AndroidManifest.xml:7:5-79
17-->src\main\AndroidManifest.xml:7:22-76
18    <uses-permission android:name="android.permission.VIBRATE" />
18-->src\main\AndroidManifest.xml:8:5-65
18-->src\main\AndroidManifest.xml:8:22-63
19    <uses-permission android:name="android.permission.WAKE_LOCK" /> <!-- Required by older versions of Google Play services to create IID tokens -->
19-->[:firebase_messaging] AndroidManifest.xml:8:5-68
19-->[:firebase_messaging] AndroidManifest.xml:8:22-65
20    <uses-permission android:name="com.google.android.c2dm.permission.RECEIVE" />
20-->[com.google.firebase:firebase-messaging:22.0.0] AndroidManifest.xml:25:5-82
20-->[com.google.firebase:firebase-messaging:22.0.0] AndroidManifest.xml:25:22-79
21
22    <uses-feature
22-->[com.google.android.gms:play-services-maps:17.0.0] AndroidManifest.xml:26:5-28:35
23        android:glEsVersion="0x00020000"
23-->[com.google.android.gms:play-services-maps:17.0.0] AndroidManifest.xml:27:9-41
24        android:required="true" />
24-->[com.google.android.gms:play-services-maps:17.0.0] AndroidManifest.xml:28:9-32
25    <!--
26 io.flutter.app.FlutterApplication is an android.app.Application that
27         calls FlutterMain.startInitialization(this); in its onCreate method.
28         In most cases you can leave this as-is, but you if you want to provide
29         additional functionality it is fine to subclass or reimplement
30         FlutterApplication and put your custom class here.
31    -->
32    <application
32-->src\main\AndroidManifest.xml:14:5-65:19
33        android:name="io.flutter.app.FlutterApplication"
33-->src\main\AndroidManifest.xml:15:13-61
34        android:appComponentFactory="androidx.core.app.CoreComponentFactory"
34-->[androidx.core:core:1.1.0] AndroidManifest.xml:24:18-86
35        android:debuggable="true"
36        android:icon="@mipmap/ic_launcher"
36-->src\main\AndroidManifest.xml:17:13-47
37        android:label="Assign.co.nz"
37-->src\main\AndroidManifest.xml:16:13-41
38        android:usesCleartextTraffic="true" >
38-->src\main\AndroidManifest.xml:18:13-48
39        <meta-data
39-->src\main\AndroidManifest.xml:20:9-21:77
40            android:name="com.google.android.geo.API_KEY"
40-->src\main\AndroidManifest.xml:20:20-65
41            android:value="AIzaSyBa-K460K1_k1thrcrG7XJMfplMV-UmhS8" />
41-->src\main\AndroidManifest.xml:21:20-75
42        <meta-data
42-->src\main\AndroidManifest.xml:23:9-25:61
43            android:name="com.google.firebase.messaging.default_notification_icon"
43-->src\main\AndroidManifest.xml:24:17-87
44            android:resource="@mipmap/ic_notification" />
44-->src\main\AndroidManifest.xml:25:17-59
45
46        <activity
46-->src\main\AndroidManifest.xml:27:9-59:20
47            android:name="nz.co.assign.customer.MainActivity"
47-->src\main\AndroidManifest.xml:28:17-45
48            android:configChanges="orientation|keyboardHidden|keyboard|screenSize|smallestScreenSize|locale|layoutDirection|fontScale|screenLayout|density|uiMode"
48-->src\main\AndroidManifest.xml:31:17-167
49            android:hardwareAccelerated="true"
49-->src\main\AndroidManifest.xml:32:17-51
50            android:launchMode="singleTop"
50-->src\main\AndroidManifest.xml:29:17-47
51            android:theme="@style/LaunchTheme"
51-->src\main\AndroidManifest.xml:30:17-51
52            android:windowSoftInputMode="adjustResize" >
52-->src\main\AndroidManifest.xml:33:17-59
53
54            <!--
55                 Specifies an Android theme to apply to this Activity as soon as
56                 the Android process has started. This theme is visible to the user
57                 while the Flutter UI initializes. After that, this theme continues
58                 to determine the Window background behind the Flutter UI.
59            -->
60            <meta-data
60-->src\main\AndroidManifest.xml:38:13-41:17
61                android:name="io.flutter.embedding.android.NormalTheme"
61-->src\main\AndroidManifest.xml:39:15-70
62                android:resource="@style/NormalTheme" />
62-->src\main\AndroidManifest.xml:40:15-52
63            <!--
64                 Displays an Android View that continues showing the launch screen
65                 Drawable until Flutter paints its first frame, then this splash
66                 screen fades out. A splash screen is useful to avoid any visual
67                 gap between the end of Android's launch screen and the painting of
68                 Flutter's first frame.
69            -->
70            <meta-data
70-->src\main\AndroidManifest.xml:47:13-50:15
71                android:name="io.flutter.embedding.android.SplashScreenDrawable"
71-->src\main\AndroidManifest.xml:48:21-85
72                android:resource="@drawable/launch_background" />
72-->src\main\AndroidManifest.xml:49:21-67
73
74            <intent-filter>
74-->src\main\AndroidManifest.xml:51:13-54:29
75                <action android:name="android.intent.action.MAIN" />
75-->src\main\AndroidManifest.xml:52:17-68
75-->src\main\AndroidManifest.xml:52:25-66
76
77                <category android:name="android.intent.category.LAUNCHER" />
77-->src\main\AndroidManifest.xml:53:17-76
77-->src\main\AndroidManifest.xml:53:27-74
78            </intent-filter>
79            <intent-filter>
79-->src\main\AndroidManifest.xml:55:13-58:29
80                <action android:name="FLUTTER_NOTIFICATION_CLICK" />
80-->src\main\AndroidManifest.xml:56:17-68
80-->src\main\AndroidManifest.xml:56:25-66
81
82                <category android:name="android.intent.category.DEFAULT" />
82-->src\main\AndroidManifest.xml:57:17-75
82-->src\main\AndroidManifest.xml:57:27-73
83            </intent-filter>
84        </activity>
85        <!--
86             Don't delete the meta-data below.
87             This is used by the Flutter tool to generate GeneratedPluginRegistrant.java
88        -->
89        <meta-data
89-->src\main\AndroidManifest.xml:62:9-64:33
90            android:name="flutterEmbedding"
90-->src\main\AndroidManifest.xml:63:13-44
91            android:value="2" />
91-->src\main\AndroidManifest.xml:64:13-30
92
93        <service
93-->[:cloud_firestore] AndroidManifest.xml:8:9-12:19
94            android:name="com.google.firebase.components.ComponentDiscoveryService"
94-->[:cloud_firestore] AndroidManifest.xml:8:18-89
95            android:directBootAware="true"
95-->[com.google.firebase:firebase-common:20.0.0] AndroidManifest.xml:35:13-43
96            android:exported="false" >
96-->[com.google.firebase:firebase-messaging:22.0.0] AndroidManifest.xml:51:13-37
97            <meta-data
97-->[:cloud_firestore] AndroidManifest.xml:9:13-11:85
98                android:name="com.google.firebase.components:io.flutter.plugins.firebase.firestore.FlutterFirebaseFirestoreRegistrar"
98-->[:cloud_firestore] AndroidManifest.xml:10:17-134
99                android:value="com.google.firebase.components.ComponentRegistrar" />
99-->[:cloud_firestore] AndroidManifest.xml:11:17-82
100            <meta-data
100-->[:firebase_auth] AndroidManifest.xml:9:13-11:85
101                android:name="com.google.firebase.components:io.flutter.plugins.firebase.auth.FlutterFirebaseAuthRegistrar"
101-->[:firebase_auth] AndroidManifest.xml:10:17-124
102                android:value="com.google.firebase.components.ComponentRegistrar" />
102-->[:firebase_auth] AndroidManifest.xml:11:17-82
103            <meta-data
103-->[:firebase_storage] AndroidManifest.xml:9:13-11:85
104                android:name="com.google.firebase.components:io.flutter.plugins.firebase.storage.FlutterFirebaseAppRegistrar"
104-->[:firebase_storage] AndroidManifest.xml:10:17-126
105                android:value="com.google.firebase.components.ComponentRegistrar" />
105-->[:firebase_storage] AndroidManifest.xml:11:17-82
106            <meta-data
106-->[:firebase_messaging] AndroidManifest.xml:34:13-36:85
107                android:name="com.google.firebase.components:io.flutter.plugins.firebase.messaging.FlutterFirebaseAppRegistrar"
107-->[:firebase_messaging] AndroidManifest.xml:35:17-128
108                android:value="com.google.firebase.components.ComponentRegistrar" />
108-->[:firebase_messaging] AndroidManifest.xml:36:17-82
109            <meta-data
109-->[:firebase_core] AndroidManifest.xml:9:13-11:85
110                android:name="com.google.firebase.components:io.flutter.plugins.firebase.core.FlutterFirebaseCoreRegistrar"
110-->[:firebase_core] AndroidManifest.xml:10:17-124
111                android:value="com.google.firebase.components.ComponentRegistrar" />
111-->[:firebase_core] AndroidManifest.xml:11:17-82
112            <meta-data
112-->[com.google.firebase:firebase-messaging:22.0.0] AndroidManifest.xml:52:13-54:85
113                android:name="com.google.firebase.components:com.google.firebase.messaging.FirebaseMessagingRegistrar"
113-->[com.google.firebase:firebase-messaging:22.0.0] AndroidManifest.xml:53:17-119
114                android:value="com.google.firebase.components.ComponentRegistrar" />
114-->[com.google.firebase:firebase-messaging:22.0.0] AndroidManifest.xml:54:17-82
115            <meta-data
115-->[com.google.firebase:firebase-auth:21.0.1] AndroidManifest.xml:77:13-79:85
116                android:name="com.google.firebase.components:com.google.firebase.auth.FirebaseAuthRegistrar"
116-->[com.google.firebase:firebase-auth:21.0.1] AndroidManifest.xml:78:17-109
117                android:value="com.google.firebase.components.ComponentRegistrar" />
117-->[com.google.firebase:firebase-auth:21.0.1] AndroidManifest.xml:79:17-82
118            <meta-data
118-->[com.google.firebase:firebase-firestore:23.0.3] AndroidManifest.xml:20:13-22:85
119                android:name="com.google.firebase.components:com.google.firebase.firestore.FirestoreRegistrar"
119-->[com.google.firebase:firebase-firestore:23.0.3] AndroidManifest.xml:21:17-111
120                android:value="com.google.firebase.components.ComponentRegistrar" />
120-->[com.google.firebase:firebase-firestore:23.0.3] AndroidManifest.xml:22:17-82
121            <meta-data
121-->[com.google.firebase:firebase-storage:20.0.0] AndroidManifest.xml:33:13-35:85
122                android:name="com.google.firebase.components:com.google.firebase.storage.StorageRegistrar"
122-->[com.google.firebase:firebase-storage:20.0.0] AndroidManifest.xml:34:17-107
123                android:value="com.google.firebase.components.ComponentRegistrar" />
123-->[com.google.firebase:firebase-storage:20.0.0] AndroidManifest.xml:35:17-82
124            <meta-data
124-->[com.google.firebase:firebase-datatransport:18.0.0] AndroidManifest.xml:28:13-30:85
125                android:name="com.google.firebase.components:com.google.firebase.datatransport.TransportRegistrar"
125-->[com.google.firebase:firebase-datatransport:18.0.0] AndroidManifest.xml:29:17-115
126                android:value="com.google.firebase.components.ComponentRegistrar" />
126-->[com.google.firebase:firebase-datatransport:18.0.0] AndroidManifest.xml:30:17-82
127            <meta-data
127-->[com.google.firebase:firebase-installations:17.0.0] AndroidManifest.xml:18:13-20:85
128                android:name="com.google.firebase.components:com.google.firebase.installations.FirebaseInstallationsRegistrar"
128-->[com.google.firebase:firebase-installations:17.0.0] AndroidManifest.xml:19:17-127
129                android:value="com.google.firebase.components.ComponentRegistrar" />
129-->[com.google.firebase:firebase-installations:17.0.0] AndroidManifest.xml:20:17-82
130        </service>
131        <service
131-->[:firebase_messaging] AndroidManifest.xml:12:9-15:72
132            android:name="io.flutter.plugins.firebase.messaging.FlutterFirebaseMessagingBackgroundService"
132-->[:firebase_messaging] AndroidManifest.xml:13:13-107
133            android:exported="false"
133-->[:firebase_messaging] AndroidManifest.xml:14:13-37
134            android:permission="android.permission.BIND_JOB_SERVICE" />
134-->[:firebase_messaging] AndroidManifest.xml:15:13-69
135        <service
135-->[:firebase_messaging] AndroidManifest.xml:16:9-22:19
136            android:name="io.flutter.plugins.firebase.messaging.FlutterFirebaseMessagingService"
136-->[:firebase_messaging] AndroidManifest.xml:17:13-97
137            android:exported="false" >
137-->[:firebase_messaging] AndroidManifest.xml:18:13-37
138            <intent-filter>
138-->[:firebase_messaging] AndroidManifest.xml:19:13-21:29
139                <action android:name="com.google.firebase.MESSAGING_EVENT" />
139-->[:firebase_messaging] AndroidManifest.xml:20:17-78
139-->[:firebase_messaging] AndroidManifest.xml:20:25-75
140            </intent-filter>
141        </service>
142
143        <receiver
143-->[:firebase_messaging] AndroidManifest.xml:24:9-31:20
144            android:name="io.flutter.plugins.firebase.messaging.FlutterFirebaseMessagingReceiver"
144-->[:firebase_messaging] AndroidManifest.xml:25:13-98
145            android:exported="true"
145-->[:firebase_messaging] AndroidManifest.xml:26:13-36
146            android:permission="com.google.android.c2dm.permission.SEND" >
146-->[:firebase_messaging] AndroidManifest.xml:27:13-73
147            <intent-filter>
147-->[:firebase_messaging] AndroidManifest.xml:28:13-30:29
148                <action android:name="com.google.android.c2dm.intent.RECEIVE" />
148-->[:firebase_messaging] AndroidManifest.xml:29:17-81
148-->[:firebase_messaging] AndroidManifest.xml:29:25-78
149            </intent-filter>
150        </receiver>
151
152        <provider
152-->[:firebase_messaging] AndroidManifest.xml:39:9-43:38
153            android:name="io.flutter.plugins.firebase.messaging.FlutterFirebaseMessagingInitProvider"
153-->[:firebase_messaging] AndroidManifest.xml:40:13-102
154            android:authorities="nz.co.assign.customer.flutterfirebasemessaginginitprovider"
154-->[:firebase_messaging] AndroidManifest.xml:41:13-88
155            android:exported="false"
155-->[:firebase_messaging] AndroidManifest.xml:42:13-37
156            android:initOrder="99" />
156-->[:firebase_messaging] AndroidManifest.xml:43:13-35
157        <provider
157-->[:image_picker] AndroidManifest.xml:8:9-16:20
158            android:name="io.flutter.plugins.imagepicker.ImagePickerFileProvider"
158-->[:image_picker] AndroidManifest.xml:9:13-82
159            android:authorities="nz.co.assign.customer.flutter.image_provider"
159-->[:image_picker] AndroidManifest.xml:10:13-74
160            android:exported="false"
160-->[:image_picker] AndroidManifest.xml:11:13-37
161            android:grantUriPermissions="true" >
161-->[:image_picker] AndroidManifest.xml:12:13-47
162            <meta-data
162-->[:image_picker] AndroidManifest.xml:13:13-15:75
163                android:name="android.support.FILE_PROVIDER_PATHS"
163-->[:image_picker] AndroidManifest.xml:14:17-67
164                android:resource="@xml/flutter_image_picker_file_paths" />
164-->[:image_picker] AndroidManifest.xml:15:17-72
165        </provider>
166
167        <activity
167-->[:url_launcher] AndroidManifest.xml:8:9-11:74
168            android:name="io.flutter.plugins.urllauncher.WebViewActivity"
168-->[:url_launcher] AndroidManifest.xml:9:13-74
169            android:exported="false"
169-->[:url_launcher] AndroidManifest.xml:10:13-37
170            android:theme="@android:style/Theme.NoTitleBar.Fullscreen" />
170-->[:url_launcher] AndroidManifest.xml:11:13-71
171
172        <receiver
172-->[com.google.firebase:firebase-messaging:22.0.0] AndroidManifest.xml:28:9-35:20
173            android:name="com.google.firebase.iid.FirebaseInstanceIdReceiver"
173-->[com.google.firebase:firebase-messaging:22.0.0] AndroidManifest.xml:29:13-78
174            android:exported="true"
174-->[com.google.firebase:firebase-messaging:22.0.0] AndroidManifest.xml:30:13-36
175            android:permission="com.google.android.c2dm.permission.SEND" >
175-->[com.google.firebase:firebase-messaging:22.0.0] AndroidManifest.xml:31:13-73
176            <intent-filter>
176-->[:firebase_messaging] AndroidManifest.xml:28:13-30:29
177                <action android:name="com.google.android.c2dm.intent.RECEIVE" />
177-->[:firebase_messaging] AndroidManifest.xml:29:17-81
177-->[:firebase_messaging] AndroidManifest.xml:29:25-78
178            </intent-filter>
179        </receiver>
180        <!--
181             FirebaseMessagingService performs security checks at runtime,
182             but set to not exported to explicitly avoid allowing another app to call it.
183        -->
184        <service
184-->[com.google.firebase:firebase-messaging:22.0.0] AndroidManifest.xml:41:9-48:19
185            android:name="com.google.firebase.messaging.FirebaseMessagingService"
185-->[com.google.firebase:firebase-messaging:22.0.0] AndroidManifest.xml:42:13-82
186            android:directBootAware="true"
186-->[com.google.firebase:firebase-messaging:22.0.0] AndroidManifest.xml:43:13-43
187            android:exported="false" >
187-->[com.google.firebase:firebase-messaging:22.0.0] AndroidManifest.xml:44:13-37
188            <intent-filter android:priority="-500" >
188-->[:firebase_messaging] AndroidManifest.xml:19:13-21:29
189                <action android:name="com.google.firebase.MESSAGING_EVENT" />
189-->[:firebase_messaging] AndroidManifest.xml:20:17-78
189-->[:firebase_messaging] AndroidManifest.xml:20:25-75
190            </intent-filter>
191        </service>
192
193        <activity
193-->[com.google.firebase:firebase-auth:21.0.1] AndroidManifest.xml:27:9-44:20
194            android:name="com.google.firebase.auth.internal.GenericIdpActivity"
194-->[com.google.firebase:firebase-auth:21.0.1] AndroidManifest.xml:28:13-80
195            android:excludeFromRecents="true"
195-->[com.google.firebase:firebase-auth:21.0.1] AndroidManifest.xml:29:13-46
196            android:exported="true"
196-->[com.google.firebase:firebase-auth:21.0.1] AndroidManifest.xml:30:13-36
197            android:launchMode="singleTask"
197-->[com.google.firebase:firebase-auth:21.0.1] AndroidManifest.xml:31:13-44
198            android:theme="@android:style/Theme.Translucent.NoTitleBar" >
198-->[com.google.firebase:firebase-auth:21.0.1] AndroidManifest.xml:32:13-72
199            <intent-filter>
199-->[com.google.firebase:firebase-auth:21.0.1] AndroidManifest.xml:33:13-43:29
200                <action android:name="android.intent.action.VIEW" />
200-->[com.google.firebase:firebase-auth:21.0.1] AndroidManifest.xml:34:17-69
200-->[com.google.firebase:firebase-auth:21.0.1] AndroidManifest.xml:34:25-66
201
202                <category android:name="android.intent.category.DEFAULT" />
202-->src\main\AndroidManifest.xml:57:17-75
202-->src\main\AndroidManifest.xml:57:27-73
203                <category android:name="android.intent.category.BROWSABLE" />
203-->[com.google.firebase:firebase-auth:21.0.1] AndroidManifest.xml:37:17-78
203-->[com.google.firebase:firebase-auth:21.0.1] AndroidManifest.xml:37:27-75
204
205                <data
205-->[com.google.firebase:firebase-auth:21.0.1] AndroidManifest.xml:39:17-42:51
206                    android:host="firebase.auth"
206-->[com.google.firebase:firebase-auth:21.0.1] AndroidManifest.xml:40:21-49
207                    android:path="/"
207-->[com.google.firebase:firebase-auth:21.0.1] AndroidManifest.xml:41:21-37
208                    android:scheme="genericidp" />
208-->[com.google.firebase:firebase-auth:21.0.1] AndroidManifest.xml:42:21-48
209            </intent-filter>
210        </activity>
211        <activity
211-->[com.google.firebase:firebase-auth:21.0.1] AndroidManifest.xml:45:9-62:20
212            android:name="com.google.firebase.auth.internal.RecaptchaActivity"
212-->[com.google.firebase:firebase-auth:21.0.1] AndroidManifest.xml:46:13-79
213            android:excludeFromRecents="true"
213-->[com.google.firebase:firebase-auth:21.0.1] AndroidManifest.xml:47:13-46
214            android:exported="true"
214-->[com.google.firebase:firebase-auth:21.0.1] AndroidManifest.xml:48:13-36
215            android:launchMode="singleTask"
215-->[com.google.firebase:firebase-auth:21.0.1] AndroidManifest.xml:49:13-44
216            android:theme="@android:style/Theme.Translucent.NoTitleBar" >
216-->[com.google.firebase:firebase-auth:21.0.1] AndroidManifest.xml:50:13-72
217            <intent-filter>
217-->[com.google.firebase:firebase-auth:21.0.1] AndroidManifest.xml:51:13-61:29
218                <action android:name="android.intent.action.VIEW" />
218-->[com.google.firebase:firebase-auth:21.0.1] AndroidManifest.xml:34:17-69
218-->[com.google.firebase:firebase-auth:21.0.1] AndroidManifest.xml:34:25-66
219
220                <category android:name="android.intent.category.DEFAULT" />
220-->src\main\AndroidManifest.xml:57:17-75
220-->src\main\AndroidManifest.xml:57:27-73
221                <category android:name="android.intent.category.BROWSABLE" />
221-->[com.google.firebase:firebase-auth:21.0.1] AndroidManifest.xml:37:17-78
221-->[com.google.firebase:firebase-auth:21.0.1] AndroidManifest.xml:37:27-75
222
223                <data
223-->[com.google.firebase:firebase-auth:21.0.1] AndroidManifest.xml:39:17-42:51
224                    android:host="firebase.auth"
224-->[com.google.firebase:firebase-auth:21.0.1] AndroidManifest.xml:40:21-49
225                    android:path="/"
225-->[com.google.firebase:firebase-auth:21.0.1] AndroidManifest.xml:41:21-37
226                    android:scheme="recaptcha" />
226-->[com.google.firebase:firebase-auth:21.0.1] AndroidManifest.xml:42:21-48
227            </intent-filter>
228        </activity>
229
230        <service
230-->[com.google.firebase:firebase-auth:21.0.1] AndroidManifest.xml:64:9-73:19
231            android:name="com.google.firebase.auth.api.fallback.service.FirebaseAuthFallbackService"
231-->[com.google.firebase:firebase-auth:21.0.1] AndroidManifest.xml:65:13-101
232            android:enabled="true"
232-->[com.google.firebase:firebase-auth:21.0.1] AndroidManifest.xml:66:13-35
233            android:exported="false" >
233-->[com.google.firebase:firebase-auth:21.0.1] AndroidManifest.xml:67:13-37
234            <intent-filter>
234-->[com.google.firebase:firebase-auth:21.0.1] AndroidManifest.xml:68:13-72:29
235                <action android:name="com.google.firebase.auth.api.gms.service.START" />
235-->[com.google.firebase:firebase-auth:21.0.1] AndroidManifest.xml:69:17-89
235-->[com.google.firebase:firebase-auth:21.0.1] AndroidManifest.xml:69:25-86
236
237                <category android:name="android.intent.category.DEFAULT" />
237-->src\main\AndroidManifest.xml:57:17-75
237-->src\main\AndroidManifest.xml:57:27-73
238            </intent-filter>
239        </service>
240
241        <provider
241-->[com.google.firebase:firebase-common:20.0.0] AndroidManifest.xml:26:9-31:39
242            android:name="com.google.firebase.provider.FirebaseInitProvider"
242-->[com.google.firebase:firebase-common:20.0.0] AndroidManifest.xml:27:13-77
243            android:authorities="nz.co.assign.customer.firebaseinitprovider"
243-->[com.google.firebase:firebase-common:20.0.0] AndroidManifest.xml:28:13-72
244            android:directBootAware="true"
244-->[com.google.firebase:firebase-common:20.0.0] AndroidManifest.xml:29:13-43
245            android:exported="false"
245-->[com.google.firebase:firebase-common:20.0.0] AndroidManifest.xml:30:13-37
246            android:initOrder="100" /> <!-- Needs to be explicitly declared on P+ -->
246-->[com.google.firebase:firebase-common:20.0.0] AndroidManifest.xml:31:13-36
247        <uses-library
247-->[com.google.android.gms:play-services-maps:17.0.0] AndroidManifest.xml:33:9-35:40
248            android:name="org.apache.http.legacy"
248-->[com.google.android.gms:play-services-maps:17.0.0] AndroidManifest.xml:34:13-50
249            android:required="false" />
249-->[com.google.android.gms:play-services-maps:17.0.0] AndroidManifest.xml:35:13-37
250
251        <activity
251-->[com.google.android.gms:play-services-base:17.1.0] AndroidManifest.xml:23:9-26:75
252            android:name="com.google.android.gms.common.api.GoogleApiActivity"
252-->[com.google.android.gms:play-services-base:17.1.0] AndroidManifest.xml:24:13-79
253            android:exported="false"
253-->[com.google.android.gms:play-services-base:17.1.0] AndroidManifest.xml:25:13-37
254            android:theme="@android:style/Theme.Translucent.NoTitleBar" />
254-->[com.google.android.gms:play-services-base:17.1.0] AndroidManifest.xml:26:13-72
255
256        <meta-data
256-->[com.google.android.gms:play-services-basement:17.1.0] AndroidManifest.xml:23:9-25:69
257            android:name="com.google.android.gms.version"
257-->[com.google.android.gms:play-services-basement:17.1.0] AndroidManifest.xml:24:13-58
258            android:value="@integer/google_play_services_version" />
258-->[com.google.android.gms:play-services-basement:17.1.0] AndroidManifest.xml:25:13-66
259
260        <service
260-->[com.google.android.datatransport:transport-backend-cct:3.0.0] AndroidManifest.xml:29:9-35:19
261            android:name="com.google.android.datatransport.runtime.backends.TransportBackendDiscovery"
261-->[com.google.android.datatransport:transport-backend-cct:3.0.0] AndroidManifest.xml:30:13-103
262            android:exported="false" >
262-->[com.google.android.datatransport:transport-backend-cct:3.0.0] AndroidManifest.xml:31:13-37
263            <meta-data
263-->[com.google.android.datatransport:transport-backend-cct:3.0.0] AndroidManifest.xml:32:13-34:39
264                android:name="backend:com.google.android.datatransport.cct.CctBackendFactory"
264-->[com.google.android.datatransport:transport-backend-cct:3.0.0] AndroidManifest.xml:33:17-94
265                android:value="cct" />
265-->[com.google.android.datatransport:transport-backend-cct:3.0.0] AndroidManifest.xml:34:17-36
266        </service>
267        <service
267-->[com.google.android.datatransport:transport-runtime:3.0.0] AndroidManifest.xml:26:9-30:19
268            android:name="com.google.android.datatransport.runtime.scheduling.jobscheduling.JobInfoSchedulerService"
268-->[com.google.android.datatransport:transport-runtime:3.0.0] AndroidManifest.xml:27:13-117
269            android:exported="false"
269-->[com.google.android.datatransport:transport-runtime:3.0.0] AndroidManifest.xml:28:13-37
270            android:permission="android.permission.BIND_JOB_SERVICE" >
270-->[com.google.android.datatransport:transport-runtime:3.0.0] AndroidManifest.xml:29:13-69
271        </service>
272
273        <receiver
273-->[com.google.android.datatransport:transport-runtime:3.0.0] AndroidManifest.xml:32:9-34:40
274            android:name="com.google.android.datatransport.runtime.scheduling.jobscheduling.AlarmManagerSchedulerBroadcastReceiver"
274-->[com.google.android.datatransport:transport-runtime:3.0.0] AndroidManifest.xml:33:13-132
275            android:exported="false" />
275-->[com.google.android.datatransport:transport-runtime:3.0.0] AndroidManifest.xml:34:13-37
276    </application>
277
278</manifest>